<?xml version="1.0" encoding="UTF-8"?><testsuite errors="1" failures="0" name="Yo como futuro usuario de demoqa quiero registrarme para tener acceso a la plataforma" skipped="0" tests="1" time="4.84" timestamp="2022-12-09 09:45:45"><testcase name="Registro"><error message="Could not instantiate class org.openqa.selenium.firefox.FirefoxDriver" type="net.thucydides.core.webdriver.DriverConfigurationError">Could not instantiate class org.openqa.selenium.firefox.FirefoxDriver</error><system-err>Could not instantiate class org.openqa.selenium.firefox.FirefoxDriver&#13;
com.demoqa.stepdefinitions.RegistroDeDatosStepDefinitions.AbrirPaginasRequeridas(RegistroDeDatosStepDefinitions.java:22)&#13;
cucumber.runner.Runner.runPickle(Runner.java:80)&#13;
worker.org.gradle.process.internal.worker.GradleWorkerMain.run(GradleWorkerMain.java:69)&#13;
worker.org.gradle.process.internal.worker.GradleWorkerMain.main(GradleWorkerMain.java:74)&#13;
</system-err></testcase></testsuite>